2024-05-08 13:56:17.375 | INFO     | __main__:read_line_of_file:21 -           0         1         2         3         4         5         6         7    8    9
0  0.774314  0.403868 -0.789196  0.883231  0.114368 -0.905768  0.275211  0.867966  0.0  0.0
2024-05-08 13:56:17.401 | INFO     | __main__:read_line_of_file:21 -           0       1         2         3         4         5       6         7    8    9
1 -0.024436 -0.9515 -0.687297 -0.395184  0.220232  0.356561 -0.5149  0.885764  0.0  1.0
2024-05-08 13:56:17.425 | INFO     | __main__:read_line_of_file:21 -           0         1         2         3         4        5         6         7    8    9
2  0.627027 -0.137501  0.805776  0.283974  0.234146 -0.42717  0.191115 -0.860122  0.0  2.0
2024-05-08 13:56:17.455 | INFO     | __main__:read_line_of_file:21 -           0         1         2         3         4         5        6         7    8    9
3 -0.790882  0.825728 -0.467857  0.481531 -0.291831 -0.582164 -0.54706 -0.915663  0.0  3.0
2024-05-08 13:56:17.480 | INFO     | __main__:read_line_of_file:21 -           0         1         2        3         4        5         6         7    8    9
4  0.720247 -0.769408  0.461728  0.68139  0.658334 -0.30684  0.482766 -0.673132  0.0  4.0
2024-05-08 13:56:17.508 | INFO     | __main__:read_line_of_file:21 -           0         1         2         3         4         5         6         7    8    9
5 -0.074143 -0.007238 -0.958847 -0.377274 -0.788182 -0.254151 -0.726018  0.511053  0.0  5.0
2024-05-08 13:56:17.536 | INFO     | __main__:read_line_of_file:21 -           0         1         2         3       4         5        6         7    8    9
6  0.527234 -0.135998 -0.960241 -0.158593  0.0101  0.665509  0.99193 -0.961179  0.0  6.0
2024-05-08 13:56:17.561 | INFO     | __main__:read_line_of_file:21 -           0         1         2         3         4         5         6         7    8    9
7 -0.950664 -0.843049 -0.322488 -0.436719  0.590906  0.084219 -0.252484 -0.219226  0.0  7.0
2024-05-08 13:56:17.585 | INFO     | __main__:read_line_of_file:21 -           0         1         2        3         4         5         6         7    8    9
8  0.539721 -0.910915  0.617682  0.89668  0.556429  0.517747 -0.063216  0.628895  0.0  8.0
2024-05-08 13:56:17.609 | INFO     | __main__:read_line_of_file:21 -           0         1         2         3         4         5         6         7    8    9
9  0.046868 -0.476942 -0.903706  0.779895  0.431145  0.147243  0.909905  0.852004  0.0  9.0
2024-05-08 13:56:17.633 | INFO     | __main__:read_line_of_file:21 -            0         1         2         3         4         5         6         7    8     9
10  0.089246 -0.054804 -0.693335  0.941225  0.970953  0.133886 -0.462828  0.132211  0.0  10.0
2024-05-08 13:56:17.657 | INFO     | __main__:read_line_of_file:21 -            0         1         2         3         4         5        6         7    8     9
11 -0.810607  0.331013  0.445519  0.776298  0.023134  0.333436 -0.39083 -0.552865  0.0  11.0
2024-05-08 13:56:17.679 | INFO     | __main__:read_line_of_file:21 -            0         1        2         3         4         5         6         7    8     9
12 -0.072967  0.364514  0.88327  0.011502  0.070069 -0.809579 -0.849305 -0.412573  0.0  12.0
2024-05-08 13:56:17.703 | INFO     | __main__:read_line_of_file:21 -            0       1         2         3         4        5         6        7    8     9
13  0.079316 -0.7529  0.567735 -0.660026  0.226934  0.51851  0.292646  0.10924  0.0  13.0
2024-05-08 13:56:17.727 | INFO     | __main__:read_line_of_file:21 -            0         1        2        3        4         5         6         7    8     9
14  0.316529 -0.962978  0.62202 -0.81257  0.23886 -0.815822  0.133059  0.361368  0.0  14.0
2024-05-08 13:56:17.749 | INFO     | __main__:read_line_of_file:21 -            0         1        2        3         4         5         6         7    8     9
15  0.886836 -0.583591 -0.22245 -0.08891  0.265361  0.430814 -0.526255 -0.162446  0.0  15.0
2024-05-08 13:56:17.775 | INFO     | __main__:read_line_of_file:21 -            0        1        2         3         4         5         6         7    8     9
16  0.226405  0.27226  0.12005 -0.980787 -0.069731 -0.651779 -0.834668  0.229726  0.0  16.0
2024-05-08 13:56:17.799 | INFO     | __main__:read_line_of_file:21 -            0         1         2         3         4         5       6         7    8     9
17 -0.280666  0.836171  0.001148  0.125012  0.376608 -0.157673  0.7947 -0.129355  0.0  17.0
2024-05-08 13:56:17.822 | INFO     | __main__:read_line_of_file:21 -            0        1         2         3         4         5         6         7    8     9
18  0.570486  0.67156  0.834741  0.686703  0.386798  0.609576 -0.802965  0.233361  0.0  18.0
2024-05-08 13:56:17.846 | INFO     | __main__:read_line_of_file:21 -            0         1         2         3        4         5         6         7    8     9
19 -0.899139 -0.104958 -0.280072 -0.482517  0.24028 -0.402266 -0.671631 -0.206242  0.0  19.0
2024-05-08 13:56:17.873 | INFO     | __main__:read_line_of_file:21 -            0         1         2         3         4         5         6         7    8     9
20 -0.395519 -0.850456 -0.886649  0.061213 -0.761925  0.829141 -0.301493 -0.719551  0.0  20.0
2024-05-08 13:56:17.896 | INFO     | __main__:read_line_of_file:21 -            0         1        2         3         4         5         6         7    8     9
21  0.373199  0.616784 -0.69879  0.492643 -0.655868 -0.813852 -0.122088 -0.956076  0.0  21.0
2024-05-08 13:56:17.921 | INFO     | __main__:read_line_of_file:21 -            0         1         2         3         4         5         6         7    8     9
22  0.155298 -0.770683  0.495077  0.927424 -0.957316  0.875992  0.522195 -0.622305  0.0  22.0
